	SetSessionId:eGNxTkdJYjVBWFYxV0R2U2tkSGNhLXRwLmJkY2lzMDE=(17973)-----14:15:35
	SetCurrentPath:C:\Program Files (x86)\KSIGN\KCase(17980)-----14:15:35
	SetSessionId:UkNPOFd2QzBZYkdMOVdHMUJiMVdmZDNHLmJkY2lzMDE=(17973)-----9:43:16
	SetCurrentPath:C:\Program Files (x86)\KSIGN\KCase(17980)-----9:43:16
	SetSessionId:TUxJUnJtVFZnVkVtR29LVE52SFErLTMxLmJkY2lzMDI=(17973)-----10:12:12
	SetCurrentPath:C:\Program Files (x86)\KSIGN\KCase(17980)-----10:12:12
	SetSessionId:UkIybEdvcVl6eUlMcGpRKzBPUFAxOEItLmJkY2lzMDE=(17973)-----10:13:46
	SetCurrentPath:C:\Program Files (x86)\KSIGN\KCase(17980)-----10:13:46
	SetSessionId:TDg3dk5XcmVpQWhhMTVYdVh5emZPRFRELmJkY2lzMDI=(17973)-----10:55:4
	SetCurrentPath:C:\Program Files (x86)\KSIGN\KCase(17980)-----10:55:4
	SetSessionId:Y1JxR2d0aHAxY1djVjZMVFcyRFhPRENoLmJkY2lzMDE=(17973)-----13:9:17
	SetCurrentPath:C:\Program Files (x86)\KSIGN\KCase(17980)-----13:9:17
	SetSessionId:bS1QaDVUZGozOURPVzA4ZnFVdUtYeWhBLmJkY2lzMDI=(17973)-----17:43:9
	SetCurrentPath:C:\Program Files (x86)\KSIGN\KCase(17980)-----17:43:9
	SetSessionId:cHlLZGszY0lvWXVNZ2JMWTMrMXBTSVd6LmJkY2lzMDE=(17973)-----13:8:8
	SetCurrentPath:C:\Program Files (x86)\KSIGN\KCase(17980)-----13:8:8
	SetSessionId:LTBISVVMZlhZVURrR3FvZS1ENERzYUF3LmJkY2lzMDI=(17973)-----9:29:39
	SetCurrentPath:C:\Program Files (x86)\KSIGN\KCase(17980)-----9:29:39
	SetSessionId:blVkd09ETXQtTElGdTZ6M0FhUC1NTnJoLmJkY2lzMDI=(17973)-----14:30:40
	SetCurrentPath:C:\Program Files (x86)\KSIGN\KCase(17980)-----14:30:40
